# JRE version: OpenJDK Runtime Environment (8.0_112-b06) (build 1.8.0_112-release-b06)
# Java VM: OpenJDK 64-Bit Server VM (25.112-b06 mixed mode windows-amd64 compressed oops)
Heap:
 PSYoungGen      total 22016K, used 6099K [0x00000000e0000000, 0x00000000e1c00000, 0x0000000100000000)
  eden space 16384K, 37% used [0x00000000e0000000,0x00000000e05f4f98,0x00000000e1000000)
  from space 5632K, 0% used [0x00000000e1680000,0x00000000e1680000,0x00000000e1c00000)
  to   space 6144K, 0% used [0x00000000e1000000,0x00000000e1000000,0x00000000e1600000)
 ParOldGen       total 27136K, used 7976K [0x00000000a0000000, 0x00000000a1a80000, 0x00000000e0000000)
  object space 27136K, 29% used [0x00000000a0000000,0x00000000a07ca3a0,0x00000000a1a80000)
 Metaspace       used 21385K, capacity 21684K, committed 21888K, reserved 1069056K
  class space    used 2799K, capacity 2908K, committed 2944K, reserved 1048576K
GC Heap History (10 events):
Event: 20.920 GC heap before
{Heap before GC invocations=5 (full 0):
 PSYoungGen      total 18944K, used 18920K [0x00000000e0000000, 0x00000000e1500000, 0x0000000100000000)
  eden space 16384K, 100% used [0x00000000e0000000,0x00000000e1000000,0x00000000e1000000)
  from space 2560K, 99% used [0x00000000e1280000,0x00000000e14fa040,0x00000000e1500000)
  to   space 2560K, 0% used [0x00000000e1000000,0x00000000e1000000,0x00000000e1280000)
 ParOldGen       total 44032K, used 4905K [0x00000000a0000000, 0x00000000a2b00000, 0x00000000e0000000)
  object space 44032K, 11% used [0x00000000a0000000,0x00000000a04ca480,0x00000000a2b00000)
 Metaspace       used 14680K, capacity 15052K, committed 15232K, reserved 1062912K
  class space    used 1994K, capacity 2093K, committed 2176K, reserved 1048576K
Event: 20.925 GC heap after
Heap after GC invocations=5 (full 0):
 PSYoungGen      total 18944K, used 2552K [0x00000000e0000000, 0x00000000e1c00000, 0x0000000100000000)
  eden space 16384K, 0% used [0x00000000e0000000,0x00000000e0000000,0x00000000e1000000)
  from space 2560K, 99% used [0x00000000e1000000,0x00000000e127e030,0x00000000e1280000)
  to   space 6144K, 0% used [0x00000000e1600000,0x00000000e1600000,0x00000000e1c00000)
 ParOldGen       total 44032K, used 7091K [0x00000000a0000000, 0x00000000a2b00000, 0x00000000e0000000)
  object space 44032K, 16% used [0x00000000a0000000,0x00000000a06ece28,0x00000000a2b00000)
 Metaspace       used 14680K, capacity 15052K, committed 15232K, reserved 1062912K
  class space    used 1994K, capacity 2093K, committed 2176K, reserved 1048576K
}
Event: 38.470 GC heap before
{Heap before GC invocations=6 (full 0):
 PSYoungGen      total 18944K, used 18936K [0x00000000e0000000, 0x00000000e1c00000, 0x0000000100000000)
  eden space 16384K, 100% used [0x00000000e0000000,0x00000000e1000000,0x00000000e1000000)
  from space 2560K, 99% used [0x00000000e1000000,0x00000000e127e030,0x00000000e1280000)
  to   space 6144K, 0% used [0x00000000e1600000,0x00000000e1600000,0x00000000e1c00000)
 ParOldGen       total 44032K, used 7091K [0x00000000a0000000, 0x00000000a2b00000, 0x00000000e0000000)
  object space 44032K, 16% used [0x00000000a0000000,0x00000000a06ece28,0x00000000a2b00000)
 Metaspace       used 16732K, capacity 17060K, committed 17280K, reserved 1064960K
  class space    used 2314K, capacity 2417K, committed 2432K, reserved 1048576K
Event: 38.477 GC heap after
Heap after GC invocations=6 (full 0):
 PSYoungGen      total 22528K, used 4764K [0x00000000e0000000, 0x00000000e1c00000, 0x0000000100000000)
  eden space 16384K, 0% used [0x00000000e0000000,0x00000000e0000000,0x00000000e1000000)
  from space 6144K, 77% used [0x00000000e1600000,0x00000000e1aa72c8,0x00000000e1c00000)
  to   space 6144K, 0% used [0x00000000e1000000,0x00000000e1000000,0x00000000e1600000)
 ParOldGen       total 44032K, used 7091K [0x00000000a0000000, 0x00000000a2b00000, 0x00000000e0000000)
  object space 44032K, 16% used [0x00000000a0000000,0x00000000a06ece28,0x00000000a2b00000)
 Metaspace       used 16732K, capacity 17060K, committed 17280K, reserved 1064960K
  class space    used 2314K, capacity 2417K, committed 2432K, reserved 1048576K
}
Event: 63.483 GC heap before
{Heap before GC invocations=7 (full 0):
 PSYoungGen      total 22528K, used 21148K [0x00000000e0000000, 0x00000000e1c00000, 0x0000000100000000)
  eden space 16384K, 100% used [0x00000000e0000000,0x00000000e1000000,0x00000000e1000000)
  from space 6144K, 77% used [0x00000000e1600000,0x00000000e1aa72c8,0x00000000e1c00000)
  to   space 6144K, 0% used [0x00000000e1000000,0x00000000e1000000,0x00000000e1600000)
 ParOldGen       total 44032K, used 7091K [0x00000000a0000000, 0x00000000a2b00000, 0x00000000e0000000)
  object space 44032K, 16% used [0x00000000a0000000,0x00000000a06ece28,0x00000000a2b00000)
 Metaspace       used 20431K, capacity 20778K, committed 21120K, reserved 1067008K
  class space    used 2747K, capacity 2867K, committed 2944K, reserved 1048576K
Event: 63.507 GC heap after
Heap after GC invocations=7 (full 0):
 PSYoungGen      total 22528K, used 5558K [0x00000000e0000000, 0x00000000e1d00000, 0x0000000100000000)
  eden space 16384K, 0% used [0x00000000e0000000,0x00000000e0000000,0x00000000e1000000)
  from space 6144K, 90% used [0x00000000e1000000,0x00000000e156dbb8,0x00000000e1600000)
  to   space 6656K, 0% used [0x00000000e1680000,0x00000000e1680000,0x00000000e1d00000)
 ParOldGen       total 44032K, used 7943K [0x00000000a0000000, 0x00000000a2b00000, 0x00000000e0000000)
  object space 44032K, 18% used [0x00000000a0000000,0x00000000a07c1f58,0x00000000a2b00000)
 Metaspace       used 20431K, capacity 20778K, committed 21120K, reserved 1067008K
  class space    used 2747K, capacity 2867K, committed 2944K, reserved 1048576K
}
Event: 64.496 GC heap before
{Heap before GC invocations=8 (full 0):
 PSYoungGen      total 22528K, used 10316K [0x00000000e0000000, 0x00000000e1d00000, 0x0000000100000000)
  eden space 16384K, 29% used [0x00000000e0000000,0x00000000e04a5838,0x00000000e1000000)
  from space 6144K, 90% used [0x00000000e1000000,0x00000000e156dbb8,0x00000000e1600000)
  to   space 6656K, 0% used [0x00000000e1680000,0x00000000e1680000,0x00000000e1d00000)
 ParOldGen       total 44032K, used 7943K [0x00000000a0000000, 0x00000000a2b00000, 0x00000000e0000000)
  object space 44032K, 18% used [0x00000000a0000000,0x00000000a07c1f58,0x00000000a2b00000)
 Metaspace       used 20812K, capacity 21104K, committed 21296K, reserved 1067008K
  class space    used 2763K, capacity 2869K, committed 2944K, reserved 1048576K
Event: 64.501 GC heap after
Heap after GC invocations=8 (full 0):
 PSYoungGen      total 22016K, used 4235K [0x00000000e0000000, 0x00000000e1c00000, 0x0000000100000000)
  eden space 16384K, 0% used [0x00000000e0000000,0x00000000e0000000,0x00000000e1000000)
  from space 5632K, 75% used [0x00000000e1680000,0x00000000e1aa2fc0,0x00000000e1c00000)
  to   space 6144K, 0% used [0x00000000e1000000,0x00000000e1000000,0x00000000e1600000)
 ParOldGen       total 44032K, used 9076K [0x00000000a0000000, 0x00000000a2b00000, 0x00000000e0000000)
  object space 44032K, 20% used [0x00000000a0000000,0x00000000a08dd0a0,0x00000000a2b00000)
 Metaspace       used 20812K, capacity 21104K, committed 21296K, reserved 1067008K
  class space    used 2763K, capacity 2869K, committed 2944K, reserved 1048576K
}
Event: 64.501 GC heap before
{Heap before GC invocations=9 (full 1):
 PSYoungGen      total 22016K, used 4235K [0x00000000e0000000, 0x00000000e1c00000, 0x0000000100000000)
  eden space 16384K, 0% used [0x00000000e0000000,0x00000000e0000000,0x00000000e1000000)
  from space 5632K, 75% used [0x00000000e1680000,0x00000000e1aa2fc0,0x00000000e1c00000)
  to   space 6144K, 0% used [0x00000000e1000000,0x00000000e1000000,0x00000000e1600000)
 ParOldGen       total 44032K, used 9076K [0x00000000a0000000, 0x00000000a2b00000, 0x00000000e0000000)
  object space 44032K, 20% used [0x00000000a0000000,0x00000000a08dd0a0,0x00000000a2b00000)
 Metaspace       used 20812K, capacity 21104K, committed 21296K, reserved 1067008K
  class space    used 2763K, capacity 2869K, committed 2944K, reserved 1048576K
Event: 64.680 GC heap after
Heap after GC invocations=9 (full 1):
 PSYoungGen      total 22016K, used 0K [0x00000000e0000000, 0x00000000e1c00000, 0x0000000100000000)
  eden space 16384K, 0% used [0x00000000e0000000,0x00000000e0000000,0x00000000e1000000)
  from space 5632K, 0% used [0x00000000e1680000,0x00000000e1680000,0x00000000e1c00000)
  to   space 6144K, 0% used [0x00000000e1000000,0x00000000e1000000,0x00000000e1600000)
 ParOldGen       total 27136K, used 7976K [0x00000000a0000000, 0x00000000a1a80000, 0x00000000e0000000)
  object space 27136K, 29% used [0x00000000a0000000,0x00000000a07ca3a0,0x00000000a1a80000)
 Metaspace       used 20812K, capacity 21104K, committed 21296K, reserved 1067008K
  class space    used 2763K, capacity 2869K, committed 2944K, reserved 1048576K
}

